<?xml version="1.0" encoding="UTF-8"?>
<!-- Generated by org.testng.reporters.JUnitReportReporter -->
<testsuite hostname="LAPTOP-2G3SQ2CA" failures="0" tests="1" name="Ft.Run" time="0.009" errors="0" timestamp="2024-04-18T12:51:19 IST" skipped="0">
  <testcase classname="Ft.Run" name="Run" time="0.009"/>
  <system-out/>
</testsuite> <!-- Ft.Run -->
