<?xml version="1.0" encoding="UTF-8"?>
<!-- Generated by org.testng.reporters.JUnitReportReporter -->
<testsuite hostname="LAPTOP-2G3SQ2CA" failures="0" tests="1" name="Ft.Pro" time="0.014" errors="0" timestamp="2024-04-18T13:10:32 IST" skipped="0">
  <testcase classname="Ft.Pro" name="Pro" time="0.014"/>
  <system-out/>
</testsuite> <!-- Ft.Pro -->
